\BOOKMARK [0][-]{chapter.1}{\376\377\0001\000\040\000H\000i\000e\000r\000a\000r\000c\000h\000i\000k\000u\000s\000\040\000m\000u\000t\000a\000t\000\363}{}% 1
\BOOKMARK [1][-]{section.1.1}{\376\377\0001\000.\0001\000\040\000O\000s\000z\000t\000\341\000l\000y\000h\000i\000e\000r\000a\000r\000c\000h\000i\000a}{chapter.1}% 2
\BOOKMARK [0][-]{chapter.2}{\376\377\0002\000\040\000O\000s\000z\000t\000\341\000l\000y\000m\000u\000t\000a\000t\000\363}{}% 3
\BOOKMARK [1][-]{section.2.1}{\376\377\0002\000.\0001\000\040\000O\000s\000z\000t\000\341\000l\000y\000l\000i\000s\000t\000a}{chapter.2}% 4
\BOOKMARK [0][-]{chapter.3}{\376\377\0003\000\040\000O\000s\000z\000t\000\341\000l\000y\000o\000k\000\040\000d\000o\000k\000u\000m\000e\000n\000t\000\341\000c\000i\000\363\000j\000a}{}% 5
\BOOKMARK [1][-]{section.3.1}{\376\377\0003\000.\0001\000\040\000b\000a\000c\000k\000e\000n\000d\000.\000B\000i\000g\000B\000o\000m\000b\000\040\000o\000s\000z\000t\000\341\000l\000y\000r\000e\000f\000e\000r\000e\000n\000c\000i\000a}{chapter.3}% 6
\BOOKMARK [2][-]{subsection.3.1.1}{\376\377\0003\000.\0001\000.\0001\000\040\000R\000\351\000s\000z\000l\000e\000t\000e\000s\000\040\000l\000e\000\355\000r\000\341\000s}{section.3.1}% 7
\BOOKMARK [2][-]{subsection.3.1.2}{\376\377\0003\000.\0001\000.\0002\000\040\000K\000o\000n\000s\000t\000r\000u\000k\000t\000o\000r\000o\000k\000\040\000\351\000s\000\040\000d\000e\000s\000t\000r\000u\000k\000t\000o\000r\000o\000k\000\040\000d\000o\000k\000u\000m\000e\000n\000t\000\341\000c\000i\000\363\000j\000a}{section.3.1}% 8
\BOOKMARK [3][-]{subsubsection.3.1.2.1}{\376\377\0003\000.\0001\000.\0002\000.\0001\000\040\000B\000i\000g\000B\000o\000m\000b\000\050\000\051}{subsection.3.1.2}% 9
\BOOKMARK [2][-]{subsection.3.1.3}{\376\377\0003\000.\0001\000.\0003\000\040\000T\000a\000g\000f\000\374\000g\000g\000v\000\351\000n\000y\000e\000k\000\040\000d\000o\000k\000u\000m\000e\000n\000t\000\341\000c\000i\000\363\000j\000a}{section.3.1}% 10
\BOOKMARK [3][-]{subsubsection.3.1.3.1}{\376\377\0003\000.\0001\000.\0003\000.\0001\000\040\000c\000h\000a\000n\000g\000e\000I\000c\000o\000n\000\050\000\051}{subsection.3.1.3}% 11
\BOOKMARK [3][-]{subsubsection.3.1.3.2}{\376\377\0003\000.\0001\000.\0003\000.\0002\000\040\000g\000e\000t\000V\000a\000l\000u\000e\000\050\000\051}{subsection.3.1.3}% 12
\BOOKMARK [1][-]{section.3.2}{\376\377\0003\000.\0002\000\040\000b\000a\000c\000k\000e\000n\000d\000.\000B\000o\000a\000r\000d\000\040\000o\000s\000z\000t\000\341\000l\000y\000r\000e\000f\000e\000r\000e\000n\000c\000i\000a}{chapter.3}% 13
\BOOKMARK [2][-]{subsection.3.2.1}{\376\377\0003\000.\0002\000.\0001\000\040\000R\000\351\000s\000z\000l\000e\000t\000e\000s\000\040\000l\000e\000\355\000r\000\341\000s}{section.3.2}% 14
\BOOKMARK [2][-]{subsection.3.2.2}{\376\377\0003\000.\0002\000.\0002\000\040\000K\000o\000n\000s\000t\000r\000u\000k\000t\000o\000r\000o\000k\000\040\000\351\000s\000\040\000d\000e\000s\000t\000r\000u\000k\000t\000o\000r\000o\000k\000\040\000d\000o\000k\000u\000m\000e\000n\000t\000\341\000c\000i\000\363\000j\000a}{section.3.2}% 15
\BOOKMARK [3][-]{subsubsection.3.2.2.1}{\376\377\0003\000.\0002\000.\0002\000.\0001\000\040\000B\000o\000a\000r\000d\000\050\000\051}{subsection.3.2.2}% 16
\BOOKMARK [2][-]{subsection.3.2.3}{\376\377\0003\000.\0002\000.\0003\000\040\000T\000a\000g\000f\000\374\000g\000g\000v\000\351\000n\000y\000e\000k\000\040\000d\000o\000k\000u\000m\000e\000n\000t\000\341\000c\000i\000\363\000j\000a}{section.3.2}% 17
\BOOKMARK [3][-]{subsubsection.3.2.3.1}{\376\377\0003\000.\0002\000.\0003\000.\0001\000\040\000a\000d\000d\000M\000o\000r\000e\000B\000o\000m\000b\000s\000\050\000\051}{subsection.3.2.3}% 18
\BOOKMARK [3][-]{subsubsection.3.2.3.2}{\376\377\0003\000.\0002\000.\0003\000.\0002\000\040\000c\000h\000e\000c\000k\000E\000n\000d\000\050\000\051}{subsection.3.2.3}% 19
\BOOKMARK [3][-]{subsubsection.3.2.3.3}{\376\377\0003\000.\0002\000.\0003\000.\0003\000\040\000d\000e\000c\000H\000i\000d\000d\000e\000n\000T\000i\000l\000e\000s\000\050\000\051}{subsection.3.2.3}% 20
\BOOKMARK [3][-]{subsubsection.3.2.3.4}{\376\377\0003\000.\0002\000.\0003\000.\0004\000\040\000f\000i\000n\000d\000Z\000e\000r\000o\000s\000A\000r\000o\000u\000n\000d\000\050\000\051}{subsection.3.2.3}% 21
\BOOKMARK [3][-]{subsubsection.3.2.3.5}{\376\377\0003\000.\0002\000.\0003\000.\0005\000\040\000f\000l\000a\000g\000T\000i\000l\000e\000\050\000\051}{subsection.3.2.3}% 22
\BOOKMARK [3][-]{subsubsection.3.2.3.6}{\376\377\0003\000.\0002\000.\0003\000.\0006\000\040\000g\000e\000n\000e\000r\000a\000t\000e\000B\000o\000m\000b\000s\000\050\000\051}{subsection.3.2.3}% 23
\BOOKMARK [3][-]{subsubsection.3.2.3.7}{\376\377\0003\000.\0002\000.\0003\000.\0007\000\040\000g\000e\000t\000B\000o\000m\000b\000s\000A\000r\000o\000u\000n\000d\000\050\000\051}{subsection.3.2.3}% 24
\BOOKMARK [3][-]{subsubsection.3.2.3.8}{\376\377\0003\000.\0002\000.\0003\000.\0008\000\040\000g\000e\000t\000B\000o\000m\000b\000s\000L\000e\000f\000t\000\050\000\051}{subsection.3.2.3}% 25
\BOOKMARK [3][-]{subsubsection.3.2.3.9}{\376\377\0003\000.\0002\000.\0003\000.\0009\000\040\000g\000e\000t\000B\000o\000m\000b\000s\000N\000r\000\050\000\051}{subsection.3.2.3}% 26
\BOOKMARK [3][-]{subsubsection.3.2.3.10}{\376\377\0003\000.\0002\000.\0003\000.\0001\0000\000\040\000g\000e\000t\000C\000o\000l\000s\000\050\000\051}{subsection.3.2.3}% 27
\BOOKMARK [3][-]{subsubsection.3.2.3.11}{\376\377\0003\000.\0002\000.\0003\000.\0001\0001\000\040\000g\000e\000t\000C\000o\000r\000r\000e\000s\000p\000o\000n\000d\000i\000n\000g\000B\000o\000m\000b\000\050\000\051}{subsection.3.2.3}% 28
\BOOKMARK [3][-]{subsubsection.3.2.3.12}{\376\377\0003\000.\0002\000.\0003\000.\0001\0002\000\040\000g\000e\000t\000F\000l\000a\000g\000s\000L\000e\000f\000t\000\050\000\051}{subsection.3.2.3}% 29
\BOOKMARK [3][-]{subsubsection.3.2.3.13}{\376\377\0003\000.\0002\000.\0003\000.\0001\0003\000\040\000g\000e\000t\000H\000i\000d\000d\000e\000n\000T\000i\000l\000e\000s\000\050\000\051}{subsection.3.2.3}% 30
\BOOKMARK [3][-]{subsubsection.3.2.3.14}{\376\377\0003\000.\0002\000.\0003\000.\0001\0004\000\040\000g\000e\000t\000R\000o\000w\000s\000\050\000\051}{subsection.3.2.3}% 31
\BOOKMARK [3][-]{subsubsection.3.2.3.15}{\376\377\0003\000.\0002\000.\0003\000.\0001\0005\000\040\000g\000e\000t\000X\000O\000f\000f\000s\000e\000t\000\050\000\051}{subsection.3.2.3}% 32
\BOOKMARK [3][-]{subsubsection.3.2.3.16}{\376\377\0003\000.\0002\000.\0003\000.\0001\0006\000\040\000g\000e\000t\000Y\000O\000f\000f\000s\000e\000t\000\050\000\051}{subsection.3.2.3}% 33
\BOOKMARK [3][-]{subsubsection.3.2.3.17}{\376\377\0003\000.\0002\000.\0003\000.\0001\0007\000\040\000l\000o\000a\000d\000I\000m\000a\000g\000e\000s\000\050\000\051}{subsection.3.2.3}% 34
\BOOKMARK [3][-]{subsubsection.3.2.3.18}{\376\377\0003\000.\0002\000.\0003\000.\0001\0008\000\040\000p\000a\000i\000n\000t\000C\000o\000m\000p\000o\000n\000e\000n\000t\000\050\000\051}{subsection.3.2.3}% 35
\BOOKMARK [3][-]{subsubsection.3.2.3.19}{\376\377\0003\000.\0002\000.\0003\000.\0001\0009\000\040\000r\000e\000s\000e\000t\000F\000l\000a\000g\000s\000\050\000\051}{subsection.3.2.3}% 36
\BOOKMARK [3][-]{subsubsection.3.2.3.20}{\376\377\0003\000.\0002\000.\0003\000.\0002\0000\000\040\000r\000e\000s\000e\000t\000G\000a\000m\000e\000\050\000\051}{subsection.3.2.3}% 37
\BOOKMARK [3][-]{subsubsection.3.2.3.21}{\376\377\0003\000.\0002\000.\0003\000.\0002\0001\000\040\000r\000e\000s\000t\000a\000r\000t\000\050\000\051}{subsection.3.2.3}% 38
\BOOKMARK [3][-]{subsubsection.3.2.3.22}{\376\377\0003\000.\0002\000.\0003\000.\0002\0002\000\040\000r\000e\000v\000e\000a\000l\000E\000v\000e\000r\000y\000T\000i\000l\000e\000\050\000\051}{subsection.3.2.3}% 39
\BOOKMARK [3][-]{subsubsection.3.2.3.23}{\376\377\0003\000.\0002\000.\0003\000.\0002\0003\000\040\000r\000e\000v\000e\000a\000l\000T\000i\000l\000e\000\050\000\051}{subsection.3.2.3}% 40
\BOOKMARK [3][-]{subsubsection.3.2.3.24}{\376\377\0003\000.\0002\000.\0003\000.\0002\0004\000\040\000s\000e\000t\000B\000o\000m\000b\000s\000A\000r\000o\000u\000n\000d\000N\000u\000m\000s\000\050\000\051}{subsection.3.2.3}% 41
\BOOKMARK [3][-]{subsubsection.3.2.3.25}{\376\377\0003\000.\0002\000.\0003\000.\0002\0005\000\040\000s\000e\000t\000B\000o\000m\000b\000s\000L\000e\000f\000t\000\050\000\051}{subsection.3.2.3}% 42
\BOOKMARK [3][-]{subsubsection.3.2.3.26}{\376\377\0003\000.\0002\000.\0003\000.\0002\0006\000\040\000s\000e\000t\000C\000o\000n\000t\000r\000o\000l\000l\000e\000r\000\050\000\051}{subsection.3.2.3}% 43
\BOOKMARK [3][-]{subsubsection.3.2.3.27}{\376\377\0003\000.\0002\000.\0003\000.\0002\0007\000\040\000s\000e\000t\000F\000l\000a\000g\000s\000L\000e\000f\000t\000\050\000\051}{subsection.3.2.3}% 44
\BOOKMARK [3][-]{subsubsection.3.2.3.28}{\376\377\0003\000.\0002\000.\0003\000.\0002\0008\000\040\000s\000e\000t\000S\000t\000a\000r\000t\000P\000o\000s\000\050\000\051}{subsection.3.2.3}% 45
\BOOKMARK [1][-]{section.3.3}{\376\377\0003\000.\0003\000\040\000b\000a\000c\000k\000e\000n\000d\000.\000B\000o\000m\000b\000\040\000o\000s\000z\000t\000\341\000l\000y\000r\000e\000f\000e\000r\000e\000n\000c\000i\000a}{chapter.3}% 46
\BOOKMARK [2][-]{subsection.3.3.1}{\376\377\0003\000.\0003\000.\0001\000\040\000R\000\351\000s\000z\000l\000e\000t\000e\000s\000\040\000l\000e\000\355\000r\000\341\000s}{section.3.3}% 47
\BOOKMARK [2][-]{subsection.3.3.2}{\376\377\0003\000.\0003\000.\0002\000\040\000K\000o\000n\000s\000t\000r\000u\000k\000t\000o\000r\000o\000k\000\040\000\351\000s\000\040\000d\000e\000s\000t\000r\000u\000k\000t\000o\000r\000o\000k\000\040\000d\000o\000k\000u\000m\000e\000n\000t\000\341\000c\000i\000\363\000j\000a}{section.3.3}% 48
\BOOKMARK [3][-]{subsubsection.3.3.2.1}{\376\377\0003\000.\0003\000.\0002\000.\0001\000\040\000B\000o\000m\000b\000\050\000\051}{subsection.3.3.2}% 49
\BOOKMARK [2][-]{subsection.3.3.3}{\376\377\0003\000.\0003\000.\0003\000\040\000T\000a\000g\000f\000\374\000g\000g\000v\000\351\000n\000y\000e\000k\000\040\000d\000o\000k\000u\000m\000e\000n\000t\000\341\000c\000i\000\363\000j\000a}{section.3.3}% 50
\BOOKMARK [3][-]{subsubsection.3.3.3.1}{\376\377\0003\000.\0003\000.\0003\000.\0001\000\040\000c\000h\000a\000n\000g\000e\000I\000c\000o\000n\000\050\000\051}{subsection.3.3.3}% 51
\BOOKMARK [3][-]{subsubsection.3.3.3.2}{\376\377\0003\000.\0003\000.\0003\000.\0002\000\040\000e\000x\000e\000c\000u\000t\000e\000\050\000\051}{subsection.3.3.3}% 52
\BOOKMARK [3][-]{subsubsection.3.3.3.3}{\376\377\0003\000.\0003\000.\0003\000.\0003\000\040\000f\000l\000a\000g\000\050\000\051}{subsection.3.3.3}% 53
\BOOKMARK [3][-]{subsubsection.3.3.3.4}{\376\377\0003\000.\0003\000.\0003\000.\0004\000\040\000g\000e\000t\000V\000a\000l\000u\000e\000\050\000\051}{subsection.3.3.3}% 54
\BOOKMARK [3][-]{subsubsection.3.3.3.5}{\376\377\0003\000.\0003\000.\0003\000.\0005\000\040\000r\000e\000v\000e\000a\000l\000\050\000\051}{subsection.3.3.3}% 55
\BOOKMARK [3][-]{subsubsection.3.3.3.6}{\376\377\0003\000.\0003\000.\0003\000.\0006\000\040\000r\000e\000v\000e\000a\000l\000E\000n\000d\000\050\000\051}{subsection.3.3.3}% 56
\BOOKMARK [3][-]{subsubsection.3.3.3.7}{\376\377\0003\000.\0003\000.\0003\000.\0007\000\040\000s\000e\000t\000B\000o\000m\000b\000s\000A\000r\000o\000u\000n\000d\000\050\000\051}{subsection.3.3.3}% 57
\BOOKMARK [1][-]{section.3.4}{\376\377\0003\000.\0004\000\040\000b\000a\000c\000k\000e\000n\000d\000.\000C\000l\000u\000s\000t\000e\000r\000B\000o\000m\000b\000\040\000o\000s\000z\000t\000\341\000l\000y\000r\000e\000f\000e\000r\000e\000n\000c\000i\000a}{chapter.3}% 58
\BOOKMARK [2][-]{subsection.3.4.1}{\376\377\0003\000.\0004\000.\0001\000\040\000R\000\351\000s\000z\000l\000e\000t\000e\000s\000\040\000l\000e\000\355\000r\000\341\000s}{section.3.4}% 59
\BOOKMARK [2][-]{subsection.3.4.2}{\376\377\0003\000.\0004\000.\0002\000\040\000K\000o\000n\000s\000t\000r\000u\000k\000t\000o\000r\000o\000k\000\040\000\351\000s\000\040\000d\000e\000s\000t\000r\000u\000k\000t\000o\000r\000o\000k\000\040\000d\000o\000k\000u\000m\000e\000n\000t\000\341\000c\000i\000\363\000j\000a}{section.3.4}% 60
\BOOKMARK [3][-]{subsubsection.3.4.2.1}{\376\377\0003\000.\0004\000.\0002\000.\0001\000\040\000C\000l\000u\000s\000t\000e\000r\000B\000o\000m\000b\000\050\000\051}{subsection.3.4.2}% 61
\BOOKMARK [2][-]{subsection.3.4.3}{\376\377\0003\000.\0004\000.\0003\000\040\000T\000a\000g\000f\000\374\000g\000g\000v\000\351\000n\000y\000e\000k\000\040\000d\000o\000k\000u\000m\000e\000n\000t\000\341\000c\000i\000\363\000j\000a}{section.3.4}% 62
\BOOKMARK [3][-]{subsubsection.3.4.3.1}{\376\377\0003\000.\0004\000.\0003\000.\0001\000\040\000c\000h\000a\000n\000g\000e\000I\000c\000o\000n\000\050\000\051}{subsection.3.4.3}% 63
\BOOKMARK [3][-]{subsubsection.3.4.3.2}{\376\377\0003\000.\0004\000.\0003\000.\0002\000\040\000e\000x\000e\000c\000u\000t\000e\000\050\000\051}{subsection.3.4.3}% 64
\BOOKMARK [1][-]{section.3.5}{\376\377\0003\000.\0005\000\040\000b\000a\000c\000k\000e\000n\000d\000.\000C\000o\000n\000t\000r\000o\000l\000l\000e\000r\000\040\000o\000s\000z\000t\000\341\000l\000y\000r\000e\000f\000e\000r\000e\000n\000c\000i\000a}{chapter.3}% 65
\BOOKMARK [2][-]{subsection.3.5.1}{\376\377\0003\000.\0005\000.\0001\000\040\000R\000\351\000s\000z\000l\000e\000t\000e\000s\000\040\000l\000e\000\355\000r\000\341\000s}{section.3.5}% 66
\BOOKMARK [2][-]{subsection.3.5.2}{\376\377\0003\000.\0005\000.\0002\000\040\000K\000o\000n\000s\000t\000r\000u\000k\000t\000o\000r\000o\000k\000\040\000\351\000s\000\040\000d\000e\000s\000t\000r\000u\000k\000t\000o\000r\000o\000k\000\040\000d\000o\000k\000u\000m\000e\000n\000t\000\341\000c\000i\000\363\000j\000a}{section.3.5}% 67
\BOOKMARK [3][-]{subsubsection.3.5.2.1}{\376\377\0003\000.\0005\000.\0002\000.\0001\000\040\000C\000o\000n\000t\000r\000o\000l\000l\000e\000r\000\050\000\051}{subsection.3.5.2}% 68
\BOOKMARK [2][-]{subsection.3.5.3}{\376\377\0003\000.\0005\000.\0003\000\040\000T\000a\000g\000f\000\374\000g\000g\000v\000\351\000n\000y\000e\000k\000\040\000d\000o\000k\000u\000m\000e\000n\000t\000\341\000c\000i\000\363\000j\000a}{section.3.5}% 69
\BOOKMARK [3][-]{subsubsection.3.5.3.1}{\376\377\0003\000.\0005\000.\0003\000.\0001\000\040\000a\000d\000d\000R\000e\000c\000o\000r\000d\000\050\000\051}{subsection.3.5.3}% 70
\BOOKMARK [3][-]{subsubsection.3.5.3.2}{\376\377\0003\000.\0005\000.\0003\000.\0002\000\040\000c\000l\000e\000a\000r\000R\000e\000c\000o\000r\000d\000s\000\050\000\051}{subsection.3.5.3}% 71
\BOOKMARK [3][-]{subsubsection.3.5.3.3}{\376\377\0003\000.\0005\000.\0003\000.\0003\000\040\000c\000l\000o\000s\000e\000G\000a\000m\000e\000\050\000\051}{subsection.3.5.3}% 72
\BOOKMARK [3][-]{subsubsection.3.5.3.4}{\376\377\0003\000.\0005\000.\0003\000.\0004\000\040\000g\000e\000t\000D\000a\000t\000a\000\050\000\051}{subsection.3.5.3}% 73
\BOOKMARK [3][-]{subsubsection.3.5.3.5}{\376\377\0003\000.\0005\000.\0003\000.\0005\000\040\000g\000e\000t\000D\000i\000f\000f\000\050\000\051}{subsection.3.5.3}% 74
\BOOKMARK [3][-]{subsubsection.3.5.3.6}{\376\377\0003\000.\0005\000.\0003\000.\0006\000\040\000g\000e\000t\000G\000a\000m\000e\000\050\000\051}{subsection.3.5.3}% 75
\BOOKMARK [3][-]{subsubsection.3.5.3.7}{\376\377\0003\000.\0005\000.\0003\000.\0007\000\040\000l\000o\000a\000d\000G\000a\000m\000e\000\050\000\051}{subsection.3.5.3}% 76
\BOOKMARK [3][-]{subsubsection.3.5.3.8}{\376\377\0003\000.\0005\000.\0003\000.\0008\000\040\000l\000o\000a\000d\000R\000e\000c\000o\000r\000d\000s\000\050\000\051}{subsection.3.5.3}% 77
\BOOKMARK [3][-]{subsubsection.3.5.3.9}{\376\377\0003\000.\0005\000.\0003\000.\0009\000\040\000p\000a\000u\000s\000e\000G\000a\000m\000e\000\050\000\051}{subsection.3.5.3}% 78
\BOOKMARK [3][-]{subsubsection.3.5.3.10}{\376\377\0003\000.\0005\000.\0003\000.\0001\0000\000\040\000r\000e\000s\000e\000t\000W\000i\000n\000d\000o\000w\000S\000i\000z\000e\000\050\000\051}{subsection.3.5.3}% 79
\BOOKMARK [3][-]{subsubsection.3.5.3.11}{\376\377\0003\000.\0005\000.\0003\000.\0001\0001\000\040\000s\000a\000v\000e\000G\000a\000m\000e\000\050\000\051}{subsection.3.5.3}% 80
\BOOKMARK [3][-]{subsubsection.3.5.3.12}{\376\377\0003\000.\0005\000.\0003\000.\0001\0002\000\040\000s\000a\000v\000e\000R\000e\000c\000o\000r\000d\000s\000\050\000\051}{subsection.3.5.3}% 81
\BOOKMARK [3][-]{subsubsection.3.5.3.13}{\376\377\0003\000.\0005\000.\0003\000.\0001\0003\000\040\000s\000e\000t\000D\000i\000f\000f\000\050\000\051}{subsection.3.5.3}% 82
\BOOKMARK [3][-]{subsubsection.3.5.3.14}{\376\377\0003\000.\0005\000.\0003\000.\0001\0004\000\040\000s\000e\000t\000G\000a\000m\000e\000\050\000\051}{subsection.3.5.3}% 83
\BOOKMARK [3][-]{subsubsection.3.5.3.15}{\376\377\0003\000.\0005\000.\0003\000.\0001\0005\000\040\000s\000e\000t\000G\000a\000m\000e\000M\000e\000n\000u\000B\000a\000r\000E\000n\000\050\000\051}{subsection.3.5.3}% 84
\BOOKMARK [3][-]{subsubsection.3.5.3.16}{\376\377\0003\000.\0005\000.\0003\000.\0001\0006\000\040\000s\000e\000t\000M\000e\000n\000u\000B\000a\000r\000\050\000\051}{subsection.3.5.3}% 85
\BOOKMARK [3][-]{subsubsection.3.5.3.17}{\376\377\0003\000.\0005\000.\0003\000.\0001\0007\000\040\000s\000e\000t\000P\000a\000n\000e\000l\000\050\000\051}{subsection.3.5.3}% 86
\BOOKMARK [3][-]{subsubsection.3.5.3.18}{\376\377\0003\000.\0005\000.\0003\000.\0001\0008\000\040\000s\000e\000t\000S\000a\000v\000e\000B\000t\000n\000E\000n\000\050\000\051}{subsection.3.5.3}% 87
\BOOKMARK [3][-]{subsubsection.3.5.3.19}{\376\377\0003\000.\0005\000.\0003\000.\0001\0009\000\040\000s\000e\000t\000W\000i\000n\000d\000o\000w\000\050\000\051}{subsection.3.5.3}% 88
\BOOKMARK [3][-]{subsubsection.3.5.3.20}{\376\377\0003\000.\0005\000.\0003\000.\0002\0000\000\040\000s\000e\000t\000W\000i\000n\000d\000o\000w\000S\000i\000z\000e\000\050\000\051}{subsection.3.5.3}% 89
\BOOKMARK [1][-]{section.3.6}{\376\377\0003\000.\0006\000\040\000b\000a\000c\000k\000e\000n\000d\000.\000D\000a\000t\000a\000\040\000o\000s\000z\000t\000\341\000l\000y\000r\000e\000f\000e\000r\000e\000n\000c\000i\000a}{chapter.3}% 90
\BOOKMARK [2][-]{subsection.3.6.1}{\376\377\0003\000.\0006\000.\0001\000\040\000R\000\351\000s\000z\000l\000e\000t\000e\000s\000\040\000l\000e\000\355\000r\000\341\000s}{section.3.6}% 91
\BOOKMARK [2][-]{subsection.3.6.2}{\376\377\0003\000.\0006\000.\0002\000\040\000T\000a\000g\000f\000\374\000g\000g\000v\000\351\000n\000y\000e\000k\000\040\000d\000o\000k\000u\000m\000e\000n\000t\000\341\000c\000i\000\363\000j\000a}{section.3.6}% 92
\BOOKMARK [3][-]{subsubsection.3.6.2.1}{\376\377\0003\000.\0006\000.\0002\000.\0001\000\040\000a\000d\000d\000R\000e\000c\000o\000r\000d\000\050\000\051}{subsection.3.6.2}% 93
\BOOKMARK [3][-]{subsubsection.3.6.2.2}{\376\377\0003\000.\0006\000.\0002\000.\0002\000\040\000g\000e\000t\000C\000o\000l\000u\000m\000n\000C\000o\000u\000n\000t\000\050\000\051}{subsection.3.6.2}% 94
\BOOKMARK [3][-]{subsubsection.3.6.2.3}{\376\377\0003\000.\0006\000.\0002\000.\0003\000\040\000g\000e\000t\000C\000o\000l\000u\000m\000n\000N\000a\000m\000e\000\050\000\051}{subsection.3.6.2}% 95
\BOOKMARK [3][-]{subsubsection.3.6.2.4}{\376\377\0003\000.\0006\000.\0002\000.\0004\000\040\000g\000e\000t\000R\000o\000w\000C\000o\000u\000n\000t\000\050\000\051}{subsection.3.6.2}% 96
\BOOKMARK [3][-]{subsubsection.3.6.2.5}{\376\377\0003\000.\0006\000.\0002\000.\0005\000\040\000g\000e\000t\000V\000a\000l\000u\000e\000A\000t\000\050\000\051}{subsection.3.6.2}% 97
\BOOKMARK [1][-]{section.3.7}{\376\377\0003\000.\0007\000\040\000b\000a\000c\000k\000e\000n\000d\000.\000D\000i\000f\000f\000i\000c\000u\000l\000t\000y\000\040\000f\000e\000l\000s\000o\000r\000o\000l\000\363\000\040\000r\000e\000f\000e\000r\000e\000n\000c\000i\000a}{chapter.3}% 98
\BOOKMARK [2][-]{subsection.3.7.1}{\376\377\0003\000.\0007\000.\0001\000\040\000R\000\351\000s\000z\000l\000e\000t\000e\000s\000\040\000l\000e\000\355\000r\000\341\000s}{section.3.7}% 99
\BOOKMARK [2][-]{subsection.3.7.2}{\376\377\0003\000.\0007\000.\0002\000\040\000T\000a\000g\000f\000\374\000g\000g\000v\000\351\000n\000y\000e\000k\000\040\000d\000o\000k\000u\000m\000e\000n\000t\000\341\000c\000i\000\363\000j\000a}{section.3.7}% 100
\BOOKMARK [3][-]{subsubsection.3.7.2.1}{\376\377\0003\000.\0007\000.\0002\000.\0001\000\040\000b\000o\000m\000b\000s\000\050\000\051}{subsection.3.7.2}% 101
\BOOKMARK [3][-]{subsubsection.3.7.2.2}{\376\377\0003\000.\0007\000.\0002\000.\0002\000\040\000c\000o\000l\000s\000\050\000\051}{subsection.3.7.2}% 102
\BOOKMARK [3][-]{subsubsection.3.7.2.3}{\376\377\0003\000.\0007\000.\0002\000.\0003\000\040\000r\000o\000w\000s\000\050\000\051}{subsection.3.7.2}% 103
\BOOKMARK [3][-]{subsubsection.3.7.2.4}{\376\377\0003\000.\0007\000.\0002\000.\0004\000\040\000s\000e\000t\000C\000u\000s\000t\000o\000m\000\050\000\051}{subsection.3.7.2}% 104
\BOOKMARK [2][-]{subsection.3.7.3}{\376\377\0003\000.\0007\000.\0003\000\040\000A\000d\000a\000t\000t\000a\000g\000o\000k\000\040\000d\000o\000k\000u\000m\000e\000n\000t\000\341\000c\000i\000\363\000j\000a}{section.3.7}% 105
\BOOKMARK [3][-]{subsubsection.3.7.3.1}{\376\377\0003\000.\0007\000.\0003\000.\0001\000\040\000E\000A\000S\000Y}{subsection.3.7.3}% 106
\BOOKMARK [1][-]{section.3.8}{\376\377\0003\000.\0008\000\040\000b\000a\000c\000k\000e\000n\000d\000.\000D\000i\000f\000u\000s\000e\000d\000B\000o\000m\000b\000\040\000o\000s\000z\000t\000\341\000l\000y\000r\000e\000f\000e\000r\000e\000n\000c\000i\000a}{chapter.3}% 107
\BOOKMARK [2][-]{subsection.3.8.1}{\376\377\0003\000.\0008\000.\0001\000\040\000R\000\351\000s\000z\000l\000e\000t\000e\000s\000\040\000l\000e\000\355\000r\000\341\000s}{section.3.8}% 108
\BOOKMARK [2][-]{subsection.3.8.2}{\376\377\0003\000.\0008\000.\0002\000\040\000K\000o\000n\000s\000t\000r\000u\000k\000t\000o\000r\000o\000k\000\040\000\351\000s\000\040\000d\000e\000s\000t\000r\000u\000k\000t\000o\000r\000o\000k\000\040\000d\000o\000k\000u\000m\000e\000n\000t\000\341\000c\000i\000\363\000j\000a}{section.3.8}% 109
\BOOKMARK [3][-]{subsubsection.3.8.2.1}{\376\377\0003\000.\0008\000.\0002\000.\0001\000\040\000D\000i\000f\000u\000s\000e\000d\000B\000o\000m\000b\000\050\000\051}{subsection.3.8.2}% 110
\BOOKMARK [2][-]{subsection.3.8.3}{\376\377\0003\000.\0008\000.\0003\000\040\000T\000a\000g\000f\000\374\000g\000g\000v\000\351\000n\000y\000e\000k\000\040\000d\000o\000k\000u\000m\000e\000n\000t\000\341\000c\000i\000\363\000j\000a}{section.3.8}% 111
\BOOKMARK [3][-]{subsubsection.3.8.3.1}{\376\377\0003\000.\0008\000.\0003\000.\0001\000\040\000c\000h\000a\000n\000g\000e\000I\000c\000o\000n\000\050\000\051}{subsection.3.8.3}% 112
\BOOKMARK [3][-]{subsubsection.3.8.3.2}{\376\377\0003\000.\0008\000.\0003\000.\0002\000\040\000r\000e\000v\000e\000a\000l\000\050\000\051}{subsection.3.8.3}% 113
\BOOKMARK [1][-]{section.3.9}{\376\377\0003\000.\0009\000\040\000f\000r\000o\000n\000t\000e\000n\000d\000.\000F\000e\000e\000d\000B\000a\000c\000k\000W\000i\000n\000d\000o\000w\000\040\000o\000s\000z\000t\000\341\000l\000y\000r\000e\000f\000e\000r\000e\000n\000c\000i\000a}{chapter.3}% 114
\BOOKMARK [2][-]{subsection.3.9.1}{\376\377\0003\000.\0009\000.\0001\000\040\000R\000\351\000s\000z\000l\000e\000t\000e\000s\000\040\000l\000e\000\355\000r\000\341\000s}{section.3.9}% 115
\BOOKMARK [2][-]{subsection.3.9.2}{\376\377\0003\000.\0009\000.\0002\000\040\000K\000o\000n\000s\000t\000r\000u\000k\000t\000o\000r\000o\000k\000\040\000\351\000s\000\040\000d\000e\000s\000t\000r\000u\000k\000t\000o\000r\000o\000k\000\040\000d\000o\000k\000u\000m\000e\000n\000t\000\341\000c\000i\000\363\000j\000a}{section.3.9}% 116
\BOOKMARK [3][-]{subsubsection.3.9.2.1}{\376\377\0003\000.\0009\000.\0002\000.\0001\000\040\000F\000e\000e\000d\000B\000a\000c\000k\000W\000i\000n\000d\000o\000w\000\050\000\051}{subsection.3.9.2}% 117
\BOOKMARK [1][-]{section.3.10}{\376\377\0003\000.\0001\0000\000\040\000f\000r\000o\000n\000t\000e\000n\000d\000.\000G\000a\000m\000e\000\040\000o\000s\000z\000t\000\341\000l\000y\000r\000e\000f\000e\000r\000e\000n\000c\000i\000a}{chapter.3}% 118
\BOOKMARK [2][-]{subsection.3.10.1}{\376\377\0003\000.\0001\0000\000.\0001\000\040\000R\000\351\000s\000z\000l\000e\000t\000e\000s\000\040\000l\000e\000\355\000r\000\341\000s}{section.3.10}% 119
\BOOKMARK [2][-]{subsection.3.10.2}{\376\377\0003\000.\0001\0000\000.\0002\000\040\000K\000o\000n\000s\000t\000r\000u\000k\000t\000o\000r\000o\000k\000\040\000\351\000s\000\040\000d\000e\000s\000t\000r\000u\000k\000t\000o\000r\000o\000k\000\040\000d\000o\000k\000u\000m\000e\000n\000t\000\341\000c\000i\000\363\000j\000a}{section.3.10}% 120
\BOOKMARK [3][-]{subsubsection.3.10.2.1}{\376\377\0003\000.\0001\0000\000.\0002\000.\0001\000\040\000G\000a\000m\000e\000\050\000\051}{subsection.3.10.2}% 121
\BOOKMARK [2][-]{subsection.3.10.3}{\376\377\0003\000.\0001\0000\000.\0003\000\040\000T\000a\000g\000f\000\374\000g\000g\000v\000\351\000n\000y\000e\000k\000\040\000d\000o\000k\000u\000m\000e\000n\000t\000\341\000c\000i\000\363\000j\000a}{section.3.10}% 122
\BOOKMARK [3][-]{subsubsection.3.10.3.1}{\376\377\0003\000.\0001\0000\000.\0003\000.\0001\000\040\000f\000i\000n\000i\000s\000h\000e\000d\000\050\000\051}{subsection.3.10.3}% 123
\BOOKMARK [3][-]{subsubsection.3.10.3.2}{\376\377\0003\000.\0001\0000\000.\0003\000.\0002\000\040\000g\000e\000t\000B\000o\000a\000r\000d\000\050\000\051}{subsection.3.10.3}% 124
\BOOKMARK [3][-]{subsubsection.3.10.3.3}{\376\377\0003\000.\0001\0000\000.\0003\000.\0003\000\040\000g\000e\000t\000T\000i\000m\000e\000\050\000\051}{subsection.3.10.3}% 125
\BOOKMARK [3][-]{subsubsection.3.10.3.4}{\376\377\0003\000.\0001\0000\000.\0003\000.\0004\000\040\000i\000n\000i\000t\000\050\000\051}{subsection.3.10.3}% 126
\BOOKMARK [3][-]{subsubsection.3.10.3.5}{\376\377\0003\000.\0001\0000\000.\0003\000.\0005\000\040\000p\000a\000i\000n\000t\000C\000o\000m\000p\000o\000n\000e\000n\000t\000\050\000\051}{subsection.3.10.3}% 127
\BOOKMARK [3][-]{subsubsection.3.10.3.6}{\376\377\0003\000.\0001\0000\000.\0003\000.\0006\000\040\000r\000e\000l\000o\000a\000d\000\050\000\051}{subsection.3.10.3}% 128
\BOOKMARK [3][-]{subsubsection.3.10.3.7}{\376\377\0003\000.\0001\0000\000.\0003\000.\0007\000\040\000r\000e\000s\000t\000a\000r\000t\000\050\000\051}{subsection.3.10.3}% 129
\BOOKMARK [3][-]{subsubsection.3.10.3.8}{\376\377\0003\000.\0001\0000\000.\0003\000.\0008\000\040\000r\000u\000n\000n\000i\000n\000g\000\050\000\051}{subsection.3.10.3}% 130
\BOOKMARK [3][-]{subsubsection.3.10.3.9}{\376\377\0003\000.\0001\0000\000.\0003\000.\0009\000\040\000s\000e\000t\000F\000i\000n\000i\000s\000h\000e\000d\000\050\000\051}{subsection.3.10.3}% 131
\BOOKMARK [3][-]{subsubsection.3.10.3.10}{\376\377\0003\000.\0001\0000\000.\0003\000.\0001\0000\000\040\000s\000e\000t\000R\000u\000n\000n\000i\000n\000g\000\050\000\051}{subsection.3.10.3}% 132
\BOOKMARK [3][-]{subsubsection.3.10.3.11}{\376\377\0003\000.\0001\0000\000.\0003\000.\0001\0001\000\040\000s\000e\000t\000S\000t\000a\000r\000t\000e\000d\000\050\000\051}{subsection.3.10.3}% 133
\BOOKMARK [3][-]{subsubsection.3.10.3.12}{\376\377\0003\000.\0001\0000\000.\0003\000.\0001\0002\000\040\000s\000t\000a\000r\000t\000\050\000\051}{subsection.3.10.3}% 134
\BOOKMARK [3][-]{subsubsection.3.10.3.13}{\376\377\0003\000.\0001\0000\000.\0003\000.\0001\0003\000\040\000s\000t\000a\000r\000t\000e\000d\000\050\000\051}{subsection.3.10.3}% 135
\BOOKMARK [1][-]{section.3.11}{\376\377\0003\000.\0001\0001\000\040\000b\000a\000c\000k\000e\000n\000d\000.\000I\000m\000a\000g\000e\000s\000\040\000o\000s\000z\000t\000\341\000l\000y\000r\000e\000f\000e\000r\000e\000n\000c\000i\000a}{chapter.3}% 136
\BOOKMARK [2][-]{subsection.3.11.1}{\376\377\0003\000.\0001\0001\000.\0001\000\040\000R\000\351\000s\000z\000l\000e\000t\000e\000s\000\040\000l\000e\000\355\000r\000\341\000s}{section.3.11}% 137
\BOOKMARK [2][-]{subsection.3.11.2}{\376\377\0003\000.\0001\0001\000.\0002\000\040\000T\000a\000g\000f\000\374\000g\000g\000v\000\351\000n\000y\000e\000k\000\040\000d\000o\000k\000u\000m\000e\000n\000t\000\341\000c\000i\000\363\000j\000a}{section.3.11}% 138
\BOOKMARK [3][-]{subsubsection.3.11.2.1}{\376\377\0003\000.\0001\0001\000.\0002\000.\0001\000\040\000l\000o\000a\000d\000I\000m\000a\000g\000e\000s\000\050\000\051}{subsection.3.11.2}% 139
\BOOKMARK [2][-]{subsection.3.11.3}{\376\377\0003\000.\0001\0001\000.\0003\000\040\000A\000d\000a\000t\000t\000a\000g\000o\000k\000\040\000d\000o\000k\000u\000m\000e\000n\000t\000\341\000c\000i\000\363\000j\000a}{section.3.11}% 140
\BOOKMARK [3][-]{subsubsection.3.11.3.1}{\376\377\0003\000.\0001\0001\000.\0003\000.\0001\000\040\000b\000i\000g\000B\000o\000m\000b}{subsection.3.11.3}% 141
\BOOKMARK [3][-]{subsubsection.3.11.3.2}{\376\377\0003\000.\0001\0001\000.\0003\000.\0002\000\040\000b\000o\000m\000b}{subsection.3.11.3}% 142
\BOOKMARK [3][-]{subsubsection.3.11.3.3}{\376\377\0003\000.\0001\0001\000.\0003\000.\0003\000\040\000c\000l\000u\000s\000t\000e\000r\000B\000o\000m\000b}{subsection.3.11.3}% 143
\BOOKMARK [3][-]{subsubsection.3.11.3.4}{\376\377\0003\000.\0001\0001\000.\0003\000.\0004\000\040\000d\000i\000f\000u\000s\000e\000d\000B\000o\000m\000b}{subsection.3.11.3}% 144
\BOOKMARK [3][-]{subsubsection.3.11.3.5}{\376\377\0003\000.\0001\0001\000.\0003\000.\0005\000\040\000e\000r\000r\000o\000r}{subsection.3.11.3}% 145
\BOOKMARK [3][-]{subsubsection.3.11.3.6}{\376\377\0003\000.\0001\0001\000.\0003\000.\0006\000\040\000f\000l\000a\000g}{subsection.3.11.3}% 146
\BOOKMARK [3][-]{subsubsection.3.11.3.7}{\376\377\0003\000.\0001\0001\000.\0003\000.\0007\000\040\000f\000l\000a\000g\0002}{subsection.3.11.3}% 147
\BOOKMARK [3][-]{subsubsection.3.11.3.8}{\376\377\0003\000.\0001\0001\000.\0003\000.\0008\000\040\000h\000T\000i\000l\000e}{subsection.3.11.3}% 148
\BOOKMARK [3][-]{subsubsection.3.11.3.9}{\376\377\0003\000.\0001\0001\000.\0003\000.\0009\000\040\000i\000c\000o\000n}{subsection.3.11.3}% 149
\BOOKMARK [3][-]{subsubsection.3.11.3.10}{\376\377\0003\000.\0001\0001\000.\0003\000.\0001\0000\000\040\000M\000i\000n\000e\000S\000w\000e\000e\000p\000e\000r\000F\000o\000n\000t}{subsection.3.11.3}% 150
\BOOKMARK [3][-]{subsubsection.3.11.3.11}{\376\377\0003\000.\0001\0001\000.\0003\000.\0001\0001\000\040\000n\000u\000m\000b\000e\000r\000s}{subsection.3.11.3}% 151
\BOOKMARK [3][-]{subsubsection.3.11.3.12}{\376\377\0003\000.\0001\0001\000.\0003\000.\0001\0002\000\040\000r\000e\000d\000B\000o\000m\000b}{subsection.3.11.3}% 152
\BOOKMARK [3][-]{subsubsection.3.11.3.13}{\376\377\0003\000.\0001\0001\000.\0003\000.\0001\0003\000\040\000r\000e\000s\000e\000t\000B\000o\000m\000b}{subsection.3.11.3}% 153
\BOOKMARK [3][-]{subsubsection.3.11.3.14}{\376\377\0003\000.\0001\0001\000.\0003\000.\0001\0004\000\040\000r\000e\000s\000e\000t\000F\000l\000a\000g\000B\000o\000m\000b}{subsection.3.11.3}% 154
\BOOKMARK [3][-]{subsubsection.3.11.3.15}{\376\377\0003\000.\0001\0001\000.\0003\000.\0001\0005\000\040\000s\000u\000c\000c\000e\000s\000s}{subsection.3.11.3}% 155
\BOOKMARK [3][-]{subsubsection.3.11.3.16}{\376\377\0003\000.\0001\0001\000.\0003\000.\0001\0006\000\040\000t\000i\000m\000e\000r\000F\000o\000n\000t}{subsection.3.11.3}% 156
\BOOKMARK [3][-]{subsubsection.3.11.3.17}{\376\377\0003\000.\0001\0001\000.\0003\000.\0001\0007\000\040\000u\000n\000k\000n\000o\000w\000n}{subsection.3.11.3}% 157
\BOOKMARK [1][-]{section.3.12}{\376\377\0003\000.\0001\0002\000\040\000b\000a\000c\000k\000e\000n\000d\000.\000M\000a\000i\000n\000\040\000o\000s\000z\000t\000\341\000l\000y\000r\000e\000f\000e\000r\000e\000n\000c\000i\000a}{chapter.3}% 158
\BOOKMARK [2][-]{subsection.3.12.1}{\376\377\0003\000.\0001\0002\000.\0001\000\040\000R\000\351\000s\000z\000l\000e\000t\000e\000s\000\040\000l\000e\000\355\000r\000\341\000s}{section.3.12}% 159
\BOOKMARK [2][-]{subsection.3.12.2}{\376\377\0003\000.\0001\0002\000.\0002\000\040\000T\000a\000g\000f\000\374\000g\000g\000v\000\351\000n\000y\000e\000k\000\040\000d\000o\000k\000u\000m\000e\000n\000t\000\341\000c\000i\000\363\000j\000a}{section.3.12}% 160
\BOOKMARK [3][-]{subsubsection.3.12.2.1}{\376\377\0003\000.\0001\0002\000.\0002\000.\0001\000\040\000m\000a\000i\000n\000\050\000\051}{subsection.3.12.2}% 161
\BOOKMARK [1][-]{section.3.13}{\376\377\0003\000.\0001\0003\000\040\000f\000r\000o\000n\000t\000e\000n\000d\000.\000M\000e\000n\000u\000P\000a\000n\000e\000l\000\040\000o\000s\000z\000t\000\341\000l\000y\000r\000e\000f\000e\000r\000e\000n\000c\000i\000a}{chapter.3}% 162
\BOOKMARK [2][-]{subsection.3.13.1}{\376\377\0003\000.\0001\0003\000.\0001\000\040\000R\000\351\000s\000z\000l\000e\000t\000e\000s\000\040\000l\000e\000\355\000r\000\341\000s}{section.3.13}% 163
\BOOKMARK [2][-]{subsection.3.13.2}{\376\377\0003\000.\0001\0003\000.\0002\000\040\000K\000o\000n\000s\000t\000r\000u\000k\000t\000o\000r\000o\000k\000\040\000\351\000s\000\040\000d\000e\000s\000t\000r\000u\000k\000t\000o\000r\000o\000k\000\040\000d\000o\000k\000u\000m\000e\000n\000t\000\341\000c\000i\000\363\000j\000a}{section.3.13}% 164
\BOOKMARK [3][-]{subsubsection.3.13.2.1}{\376\377\0003\000.\0001\0003\000.\0002\000.\0001\000\040\000M\000e\000n\000u\000P\000a\000n\000e\000l\000\050\000\051}{subsection.3.13.2}% 165
\BOOKMARK [2][-]{subsection.3.13.3}{\376\377\0003\000.\0001\0003\000.\0003\000\040\000T\000a\000g\000f\000\374\000g\000g\000v\000\351\000n\000y\000e\000k\000\040\000d\000o\000k\000u\000m\000e\000n\000t\000\341\000c\000i\000\363\000j\000a}{section.3.13}% 166
\BOOKMARK [3][-]{subsubsection.3.13.3.1}{\376\377\0003\000.\0001\0003\000.\0003\000.\0001\000\040\000i\000n\000i\000t\000C\000o\000m\000p\000o\000n\000e\000n\000t\000s\000\050\000\051}{subsection.3.13.3}% 167
\BOOKMARK [3][-]{subsubsection.3.13.3.2}{\376\377\0003\000.\0001\0003\000.\0003\000.\0002\000\040\000s\000e\000t\000A\000c\000t\000i\000o\000n\000L\000i\000s\000t\000e\000n\000e\000r\000s\000\050\000\051}{subsection.3.13.3}% 168
\BOOKMARK [1][-]{section.3.14}{\376\377\0003\000.\0001\0004\000\040\000f\000r\000o\000n\000t\000e\000n\000d\000.\000M\000y\000M\000e\000n\000u\000B\000a\000r\000\040\000o\000s\000z\000t\000\341\000l\000y\000r\000e\000f\000e\000r\000e\000n\000c\000i\000a}{chapter.3}% 169
\BOOKMARK [2][-]{subsection.3.14.1}{\376\377\0003\000.\0001\0004\000.\0001\000\040\000R\000\351\000s\000z\000l\000e\000t\000e\000s\000\040\000l\000e\000\355\000r\000\341\000s}{section.3.14}% 170
\BOOKMARK [2][-]{subsection.3.14.2}{\376\377\0003\000.\0001\0004\000.\0002\000\040\000K\000o\000n\000s\000t\000r\000u\000k\000t\000o\000r\000o\000k\000\040\000\351\000s\000\040\000d\000e\000s\000t\000r\000u\000k\000t\000o\000r\000o\000k\000\040\000d\000o\000k\000u\000m\000e\000n\000t\000\341\000c\000i\000\363\000j\000a}{section.3.14}% 171
\BOOKMARK [3][-]{subsubsection.3.14.2.1}{\376\377\0003\000.\0001\0004\000.\0002\000.\0001\000\040\000M\000y\000M\000e\000n\000u\000B\000a\000r\000\050\000\051}{subsection.3.14.2}% 172
\BOOKMARK [2][-]{subsection.3.14.3}{\376\377\0003\000.\0001\0004\000.\0003\000\040\000T\000a\000g\000f\000\374\000g\000g\000v\000\351\000n\000y\000e\000k\000\040\000d\000o\000k\000u\000m\000e\000n\000t\000\341\000c\000i\000\363\000j\000a}{section.3.14}% 173
\BOOKMARK [3][-]{subsubsection.3.14.3.1}{\376\377\0003\000.\0001\0004\000.\0003\000.\0001\000\040\000i\000n\000i\000t\000C\000o\000m\000p\000o\000n\000e\000n\000t\000s\000\050\000\051}{subsection.3.14.3}% 174
\BOOKMARK [3][-]{subsubsection.3.14.3.2}{\376\377\0003\000.\0001\0004\000.\0003\000.\0002\000\040\000s\000e\000t\000A\000c\000t\000i\000o\000n\000L\000i\000s\000t\000e\000n\000e\000r\000s\000\050\000\051}{subsection.3.14.3}% 175
\BOOKMARK [3][-]{subsubsection.3.14.3.3}{\376\377\0003\000.\0001\0004\000.\0003\000.\0003\000\040\000s\000e\000t\000G\000a\000m\000e\000B\000a\000r\000E\000n\000\050\000\051}{subsection.3.14.3}% 176
\BOOKMARK [3][-]{subsubsection.3.14.3.4}{\376\377\0003\000.\0001\0004\000.\0003\000.\0004\000\040\000s\000e\000t\000P\000a\000u\000s\000e\000B\000t\000n\000T\000e\000x\000t\000\050\000\051}{subsection.3.14.3}% 177
\BOOKMARK [3][-]{subsubsection.3.14.3.5}{\376\377\0003\000.\0001\0004\000.\0003\000.\0005\000\040\000s\000e\000t\000S\000a\000v\000e\000B\000t\000n\000E\000n\000\050\000\051}{subsection.3.14.3}% 178
\BOOKMARK [1][-]{section.3.15}{\376\377\0003\000.\0001\0005\000\040\000f\000r\000o\000n\000t\000e\000n\000d\000.\000M\000y\000M\000o\000u\000s\000e\000L\000i\000s\000t\000e\000n\000e\000r\000\040\000o\000s\000z\000t\000\341\000l\000y\000r\000e\000f\000e\000r\000e\000n\000c\000i\000a}{chapter.3}% 179
\BOOKMARK [2][-]{subsection.3.15.1}{\376\377\0003\000.\0001\0005\000.\0001\000\040\000R\000\351\000s\000z\000l\000e\000t\000e\000s\000\040\000l\000e\000\355\000r\000\341\000s}{section.3.15}% 180
\BOOKMARK [2][-]{subsection.3.15.2}{\376\377\0003\000.\0001\0005\000.\0002\000\040\000K\000o\000n\000s\000t\000r\000u\000k\000t\000o\000r\000o\000k\000\040\000\351\000s\000\040\000d\000e\000s\000t\000r\000u\000k\000t\000o\000r\000o\000k\000\040\000d\000o\000k\000u\000m\000e\000n\000t\000\341\000c\000i\000\363\000j\000a}{section.3.15}% 181
\BOOKMARK [3][-]{subsubsection.3.15.2.1}{\376\377\0003\000.\0001\0005\000.\0002\000.\0001\000\040\000M\000y\000M\000o\000u\000s\000e\000L\000i\000s\000t\000e\000n\000e\000r\000\050\000\051}{subsection.3.15.2}% 182
\BOOKMARK [2][-]{subsection.3.15.3}{\376\377\0003\000.\0001\0005\000.\0003\000\040\000T\000a\000g\000f\000\374\000g\000g\000v\000\351\000n\000y\000e\000k\000\040\000d\000o\000k\000u\000m\000e\000n\000t\000\341\000c\000i\000\363\000j\000a}{section.3.15}% 183
\BOOKMARK [3][-]{subsubsection.3.15.3.1}{\376\377\0003\000.\0001\0005\000.\0003\000.\0001\000\040\000m\000o\000u\000s\000e\000R\000e\000l\000e\000a\000s\000e\000d\000\050\000\051}{subsection.3.15.3}% 184
\BOOKMARK [3][-]{subsubsection.3.15.3.2}{\376\377\0003\000.\0001\0005\000.\0003\000.\0002\000\040\000s\000e\000t\000B\000o\000a\000r\000d\000\050\000\051}{subsection.3.15.3}% 185
\BOOKMARK [1][-]{section.3.16}{\376\377\0003\000.\0001\0006\000\040\000b\000a\000c\000k\000e\000n\000d\000.\000R\000e\000c\000o\000r\000d\000\040\000o\000s\000z\000t\000\341\000l\000y\000r\000e\000f\000e\000r\000e\000n\000c\000i\000a}{chapter.3}% 186
\BOOKMARK [2][-]{subsection.3.16.1}{\376\377\0003\000.\0001\0006\000.\0001\000\040\000R\000\351\000s\000z\000l\000e\000t\000e\000s\000\040\000l\000e\000\355\000r\000\341\000s}{section.3.16}% 187
\BOOKMARK [2][-]{subsection.3.16.2}{\376\377\0003\000.\0001\0006\000.\0002\000\040\000K\000o\000n\000s\000t\000r\000u\000k\000t\000o\000r\000o\000k\000\040\000\351\000s\000\040\000d\000e\000s\000t\000r\000u\000k\000t\000o\000r\000o\000k\000\040\000d\000o\000k\000u\000m\000e\000n\000t\000\341\000c\000i\000\363\000j\000a}{section.3.16}% 188
\BOOKMARK [3][-]{subsubsection.3.16.2.1}{\376\377\0003\000.\0001\0006\000.\0002\000.\0001\000\040\000R\000e\000c\000o\000r\000d\000\050\000\051}{subsection.3.16.2}% 189
\BOOKMARK [2][-]{subsection.3.16.3}{\376\377\0003\000.\0001\0006\000.\0003\000\040\000T\000a\000g\000f\000\374\000g\000g\000v\000\351\000n\000y\000e\000k\000\040\000d\000o\000k\000u\000m\000e\000n\000t\000\341\000c\000i\000\363\000j\000a}{section.3.16}% 190
\BOOKMARK [3][-]{subsubsection.3.16.3.1}{\376\377\0003\000.\0001\0006\000.\0003\000.\0001\000\040\000g\000e\000t\000N\000a\000m\000e\000\050\000\051}{subsection.3.16.3}% 191
\BOOKMARK [3][-]{subsubsection.3.16.3.2}{\376\377\0003\000.\0001\0006\000.\0003\000.\0002\000\040\000g\000e\000t\000T\000i\000m\000e\000\050\000\051}{subsection.3.16.3}% 192
\BOOKMARK [1][-]{section.3.17}{\376\377\0003\000.\0001\0007\000\040\000f\000r\000o\000n\000t\000e\000n\000d\000.\000R\000e\000c\000o\000r\000d\000P\000a\000n\000e\000l\000\040\000o\000s\000z\000t\000\341\000l\000y\000r\000e\000f\000e\000r\000e\000n\000c\000i\000a}{chapter.3}% 193
\BOOKMARK [2][-]{subsection.3.17.1}{\376\377\0003\000.\0001\0007\000.\0001\000\040\000R\000\351\000s\000z\000l\000e\000t\000e\000s\000\040\000l\000e\000\355\000r\000\341\000s}{section.3.17}% 194
\BOOKMARK [2][-]{subsection.3.17.2}{\376\377\0003\000.\0001\0007\000.\0002\000\040\000K\000o\000n\000s\000t\000r\000u\000k\000t\000o\000r\000o\000k\000\040\000\351\000s\000\040\000d\000e\000s\000t\000r\000u\000k\000t\000o\000r\000o\000k\000\040\000d\000o\000k\000u\000m\000e\000n\000t\000\341\000c\000i\000\363\000j\000a}{section.3.17}% 195
\BOOKMARK [3][-]{subsubsection.3.17.2.1}{\376\377\0003\000.\0001\0007\000.\0002\000.\0001\000\040\000R\000e\000c\000o\000r\000d\000P\000a\000n\000e\000l\000\050\000\051}{subsection.3.17.2}% 196
\BOOKMARK [2][-]{subsection.3.17.3}{\376\377\0003\000.\0001\0007\000.\0003\000\040\000T\000a\000g\000f\000\374\000g\000g\000v\000\351\000n\000y\000e\000k\000\040\000d\000o\000k\000u\000m\000e\000n\000t\000\341\000c\000i\000\363\000j\000a}{section.3.17}% 197
\BOOKMARK [3][-]{subsubsection.3.17.3.1}{\376\377\0003\000.\0001\0007\000.\0003\000.\0001\000\040\000i\000n\000i\000t\000C\000o\000m\000p\000o\000n\000e\000n\000t\000s\000\050\000\051}{subsection.3.17.3}% 198
\BOOKMARK [3][-]{subsubsection.3.17.3.2}{\376\377\0003\000.\0001\0007\000.\0003\000.\0002\000\040\000s\000e\000t\000A\000c\000t\000i\000o\000n\000L\000i\000s\000t\000e\000n\000e\000r\000s\000\050\000\051}{subsection.3.17.3}% 199
\BOOKMARK [1][-]{section.3.18}{\376\377\0003\000.\0001\0008\000\040\000b\000a\000c\000k\000e\000n\000d\000.\000R\000e\000s\000e\000t\000B\000o\000m\000b\000\040\000o\000s\000z\000t\000\341\000l\000y\000r\000e\000f\000e\000r\000e\000n\000c\000i\000a}{chapter.3}% 200
\BOOKMARK [2][-]{subsection.3.18.1}{\376\377\0003\000.\0001\0008\000.\0001\000\040\000R\000\351\000s\000z\000l\000e\000t\000e\000s\000\040\000l\000e\000\355\000r\000\341\000s}{section.3.18}% 201
\BOOKMARK [2][-]{subsection.3.18.2}{\376\377\0003\000.\0001\0008\000.\0002\000\040\000K\000o\000n\000s\000t\000r\000u\000k\000t\000o\000r\000o\000k\000\040\000\351\000s\000\040\000d\000e\000s\000t\000r\000u\000k\000t\000o\000r\000o\000k\000\040\000d\000o\000k\000u\000m\000e\000n\000t\000\341\000c\000i\000\363\000j\000a}{section.3.18}% 202
\BOOKMARK [3][-]{subsubsection.3.18.2.1}{\376\377\0003\000.\0001\0008\000.\0002\000.\0001\000\040\000R\000e\000s\000e\000t\000B\000o\000m\000b\000\050\000\051}{subsection.3.18.2}% 203
\BOOKMARK [2][-]{subsection.3.18.3}{\376\377\0003\000.\0001\0008\000.\0003\000\040\000T\000a\000g\000f\000\374\000g\000g\000v\000\351\000n\000y\000e\000k\000\040\000d\000o\000k\000u\000m\000e\000n\000t\000\341\000c\000i\000\363\000j\000a}{section.3.18}% 204
\BOOKMARK [3][-]{subsubsection.3.18.3.1}{\376\377\0003\000.\0001\0008\000.\0003\000.\0001\000\040\000c\000h\000a\000n\000g\000e\000I\000c\000o\000n\000\050\000\051}{subsection.3.18.3}% 205
\BOOKMARK [3][-]{subsubsection.3.18.3.2}{\376\377\0003\000.\0001\0008\000.\0003\000.\0002\000\040\000e\000x\000e\000c\000u\000t\000e\000\050\000\051}{subsection.3.18.3}% 206
\BOOKMARK [1][-]{section.3.19}{\376\377\0003\000.\0001\0009\000\040\000b\000a\000c\000k\000e\000n\000d\000.\000R\000e\000s\000e\000t\000F\000l\000a\000g\000B\000o\000m\000b\000\040\000o\000s\000z\000t\000\341\000l\000y\000r\000e\000f\000e\000r\000e\000n\000c\000i\000a}{chapter.3}% 207
\BOOKMARK [2][-]{subsection.3.19.1}{\376\377\0003\000.\0001\0009\000.\0001\000\040\000R\000\351\000s\000z\000l\000e\000t\000e\000s\000\040\000l\000e\000\355\000r\000\341\000s}{section.3.19}% 208
\BOOKMARK [2][-]{subsection.3.19.2}{\376\377\0003\000.\0001\0009\000.\0002\000\040\000K\000o\000n\000s\000t\000r\000u\000k\000t\000o\000r\000o\000k\000\040\000\351\000s\000\040\000d\000e\000s\000t\000r\000u\000k\000t\000o\000r\000o\000k\000\040\000d\000o\000k\000u\000m\000e\000n\000t\000\341\000c\000i\000\363\000j\000a}{section.3.19}% 209
\BOOKMARK [3][-]{subsubsection.3.19.2.1}{\376\377\0003\000.\0001\0009\000.\0002\000.\0001\000\040\000R\000e\000s\000e\000t\000F\000l\000a\000g\000B\000o\000m\000b\000\050\000\051}{subsection.3.19.2}% 210
\BOOKMARK [2][-]{subsection.3.19.3}{\376\377\0003\000.\0001\0009\000.\0003\000\040\000T\000a\000g\000f\000\374\000g\000g\000v\000\351\000n\000y\000e\000k\000\040\000d\000o\000k\000u\000m\000e\000n\000t\000\341\000c\000i\000\363\000j\000a}{section.3.19}% 211
\BOOKMARK [3][-]{subsubsection.3.19.3.1}{\376\377\0003\000.\0001\0009\000.\0003\000.\0001\000\040\000c\000h\000a\000n\000g\000e\000I\000c\000o\000n\000\050\000\051}{subsection.3.19.3}% 212
\BOOKMARK [3][-]{subsubsection.3.19.3.2}{\376\377\0003\000.\0001\0009\000.\0003\000.\0002\000\040\000e\000x\000e\000c\000u\000t\000e\000\050\000\051}{subsection.3.19.3}% 213
\BOOKMARK [1][-]{section.3.20}{\376\377\0003\000.\0002\0000\000\040\000f\000r\000o\000n\000t\000e\000n\000d\000.\000S\000e\000t\000t\000i\000n\000g\000s\000P\000a\000n\000e\000l\000\040\000o\000s\000z\000t\000\341\000l\000y\000r\000e\000f\000e\000r\000e\000n\000c\000i\000a}{chapter.3}% 214
\BOOKMARK [2][-]{subsection.3.20.1}{\376\377\0003\000.\0002\0000\000.\0001\000\040\000R\000\351\000s\000z\000l\000e\000t\000e\000s\000\040\000l\000e\000\355\000r\000\341\000s}{section.3.20}% 215
\BOOKMARK [2][-]{subsection.3.20.2}{\376\377\0003\000.\0002\0000\000.\0002\000\040\000K\000o\000n\000s\000t\000r\000u\000k\000t\000o\000r\000o\000k\000\040\000\351\000s\000\040\000d\000e\000s\000t\000r\000u\000k\000t\000o\000r\000o\000k\000\040\000d\000o\000k\000u\000m\000e\000n\000t\000\341\000c\000i\000\363\000j\000a}{section.3.20}% 216
\BOOKMARK [3][-]{subsubsection.3.20.2.1}{\376\377\0003\000.\0002\0000\000.\0002\000.\0001\000\040\000S\000e\000t\000t\000i\000n\000g\000s\000P\000a\000n\000e\000l\000\050\000\051}{subsection.3.20.2}% 217
\BOOKMARK [2][-]{subsection.3.20.3}{\376\377\0003\000.\0002\0000\000.\0003\000\040\000T\000a\000g\000f\000\374\000g\000g\000v\000\351\000n\000y\000e\000k\000\040\000d\000o\000k\000u\000m\000e\000n\000t\000\341\000c\000i\000\363\000j\000a}{section.3.20}% 218
\BOOKMARK [3][-]{subsubsection.3.20.3.1}{\376\377\0003\000.\0002\0000\000.\0003\000.\0001\000\040\000i\000n\000i\000t\000C\000o\000m\000p\000o\000n\000e\000n\000t\000s\000\050\000\051}{subsection.3.20.3}% 219
\BOOKMARK [3][-]{subsubsection.3.20.3.2}{\376\377\0003\000.\0002\0000\000.\0003\000.\0002\000\040\000s\000e\000t\000A\000c\000t\000i\000o\000n\000L\000i\000s\000t\000e\000n\000e\000r\000s\000\050\000\051}{subsection.3.20.3}% 220
\BOOKMARK [3][-]{subsubsection.3.20.3.3}{\376\377\0003\000.\0002\0000\000.\0003\000.\0003\000\040\000s\000u\000b\000m\000i\000t\000\050\000\051}{subsection.3.20.3}% 221
\BOOKMARK [1][-]{section.3.21}{\376\377\0003\000.\0002\0001\000\040\000b\000a\000c\000k\000e\000n\000d\000.\000T\000i\000l\000e\000\040\000o\000s\000z\000t\000\341\000l\000y\000r\000e\000f\000e\000r\000e\000n\000c\000i\000a}{chapter.3}% 222
\BOOKMARK [2][-]{subsection.3.21.1}{\376\377\0003\000.\0002\0001\000.\0001\000\040\000R\000\351\000s\000z\000l\000e\000t\000e\000s\000\040\000l\000e\000\355\000r\000\341\000s}{section.3.21}% 223
\BOOKMARK [2][-]{subsection.3.21.2}{\376\377\0003\000.\0002\0001\000.\0002\000\040\000K\000o\000n\000s\000t\000r\000u\000k\000t\000o\000r\000o\000k\000\040\000\351\000s\000\040\000d\000e\000s\000t\000r\000u\000k\000t\000o\000r\000o\000k\000\040\000d\000o\000k\000u\000m\000e\000n\000t\000\341\000c\000i\000\363\000j\000a}{section.3.21}% 224
\BOOKMARK [3][-]{subsubsection.3.21.2.1}{\376\377\0003\000.\0002\0001\000.\0002\000.\0001\000\040\000T\000i\000l\000e\000\050\000\051}{subsection.3.21.2}% 225
\BOOKMARK [2][-]{subsection.3.21.3}{\376\377\0003\000.\0002\0001\000.\0003\000\040\000T\000a\000g\000f\000\374\000g\000g\000v\000\351\000n\000y\000e\000k\000\040\000d\000o\000k\000u\000m\000e\000n\000t\000\341\000c\000i\000\363\000j\000a}{section.3.21}% 226
\BOOKMARK [3][-]{subsubsection.3.21.3.1}{\376\377\0003\000.\0002\0001\000.\0003\000.\0001\000\040\000c\000h\000a\000n\000g\000e\000I\000c\000o\000n\000\050\000\051}{subsection.3.21.3}% 227
\BOOKMARK [3][-]{subsubsection.3.21.3.2}{\376\377\0003\000.\0002\0001\000.\0003\000.\0002\000\040\000f\000l\000a\000g\000\050\000\051}{subsection.3.21.3}% 228
\BOOKMARK [3][-]{subsubsection.3.21.3.3}{\376\377\0003\000.\0002\0001\000.\0003\000.\0003\000\040\000g\000e\000t\000B\000o\000m\000b\000s\000A\000r\000o\000u\000n\000d\000\050\000\051}{subsection.3.21.3}% 229
\BOOKMARK [3][-]{subsubsection.3.21.3.4}{\376\377\0003\000.\0002\0001\000.\0003\000.\0004\000\040\000g\000e\000t\000C\000o\000r\000r\000e\000s\000p\000o\000n\000d\000i\000n\000g\000I\000c\000o\000n\000\050\000\051}{subsection.3.21.3}% 230
\BOOKMARK [3][-]{subsubsection.3.21.3.5}{\376\377\0003\000.\0002\0001\000.\0003\000.\0005\000\040\000g\000e\000t\000V\000a\000l\000u\000e\000\050\000\051}{subsection.3.21.3}% 231
\BOOKMARK [3][-]{subsubsection.3.21.3.6}{\376\377\0003\000.\0002\0001\000.\0003\000.\0006\000\040\000g\000e\000t\000W\000\050\000\051}{subsection.3.21.3}% 232
\BOOKMARK [3][-]{subsubsection.3.21.3.7}{\376\377\0003\000.\0002\0001\000.\0003\000.\0007\000\040\000i\000s\000F\000l\000a\000g\000g\000e\000d\000\050\000\051}{subsection.3.21.3}% 233
\BOOKMARK [3][-]{subsubsection.3.21.3.8}{\376\377\0003\000.\0002\0001\000.\0003\000.\0008\000\040\000l\000o\000a\000d\000I\000c\000o\000n\000\050\000\051}{subsection.3.21.3}% 234
\BOOKMARK [3][-]{subsubsection.3.21.3.9}{\376\377\0003\000.\0002\0001\000.\0003\000.\0009\000\040\000p\000a\000i\000n\000t\000C\000o\000m\000p\000o\000n\000e\000n\000t\000\050\000\051}{subsection.3.21.3}% 235
\BOOKMARK [3][-]{subsubsection.3.21.3.10}{\376\377\0003\000.\0002\0001\000.\0003\000.\0001\0000\000\040\000r\000e\000v\000e\000a\000l\000\050\000\051}{subsection.3.21.3}% 236
\BOOKMARK [3][-]{subsubsection.3.21.3.11}{\376\377\0003\000.\0002\0001\000.\0003\000.\0001\0001\000\040\000r\000e\000v\000e\000a\000l\000E\000n\000d\000\050\000\051}{subsection.3.21.3}% 237
\BOOKMARK [3][-]{subsubsection.3.21.3.12}{\376\377\0003\000.\0002\0001\000.\0003\000.\0001\0002\000\040\000s\000e\000t\000B\000o\000m\000b\000s\000A\000r\000o\000u\000n\000d\000\050\000\051}{subsection.3.21.3}% 238
\BOOKMARK [3][-]{subsubsection.3.21.3.13}{\376\377\0003\000.\0002\0001\000.\0003\000.\0001\0003\000\040\000s\000e\000t\000C\000o\000o\000r\000d\000s\000\050\000\051}{subsection.3.21.3}% 239
\BOOKMARK [3][-]{subsubsection.3.21.3.14}{\376\377\0003\000.\0002\0001\000.\0003\000.\0001\0004\000\040\000s\000e\000t\000F\000l\000a\000g\000g\000e\000d\000\050\000\051}{subsection.3.21.3}% 240
\BOOKMARK [3][-]{subsubsection.3.21.3.15}{\376\377\0003\000.\0002\0001\000.\0003\000.\0001\0005\000\040\000s\000e\000t\000R\000e\000v\000e\000a\000l\000e\000d\000\050\000\051}{subsection.3.21.3}% 241
\BOOKMARK [2][-]{subsection.3.21.4}{\376\377\0003\000.\0002\0001\000.\0004\000\040\000A\000d\000a\000t\000t\000a\000g\000o\000k\000\040\000d\000o\000k\000u\000m\000e\000n\000t\000\341\000c\000i\000\363\000j\000a}{section.3.21}% 242
\BOOKMARK [3][-]{subsubsection.3.21.4.1}{\376\377\0003\000.\0002\0001\000.\0004\000.\0001\000\040\000b\000o\000m\000b\000s\000A\000r\000o\000u\000n\000d}{subsection.3.21.4}% 243
\BOOKMARK [3][-]{subsubsection.3.21.4.2}{\376\377\0003\000.\0002\0001\000.\0004\000.\0002\000\040\000i\000c\000o\000n}{subsection.3.21.4}% 244
\BOOKMARK [3][-]{subsubsection.3.21.4.3}{\376\377\0003\000.\0002\0001\000.\0004\000.\0003\000\040\000i\000s\000F\000l\000a\000g\000g\000e\000d}{subsection.3.21.4}% 245
\BOOKMARK [3][-]{subsubsection.3.21.4.4}{\376\377\0003\000.\0002\0001\000.\0004\000.\0004\000\040\000i\000s\000R\000e\000v\000e\000a\000l\000e\000d}{subsection.3.21.4}% 246
\BOOKMARK [3][-]{subsubsection.3.21.4.5}{\376\377\0003\000.\0002\0001\000.\0004\000.\0005\000\040\000m\000a\000s\000t\000e\000r}{subsection.3.21.4}% 247
\BOOKMARK [3][-]{subsubsection.3.21.4.6}{\376\377\0003\000.\0002\0001\000.\0004\000.\0006\000\040\000w}{subsection.3.21.4}% 248
\BOOKMARK [3][-]{subsubsection.3.21.4.7}{\376\377\0003\000.\0002\0001\000.\0004\000.\0007\000\040\000x}{subsection.3.21.4}% 249
\BOOKMARK [1][-]{section.3.22}{\376\377\0003\000.\0002\0002\000\040\000b\000a\000c\000k\000e\000n\000d\000.\000T\000i\000m\000e\000\040\000o\000s\000z\000t\000\341\000l\000y\000r\000e\000f\000e\000r\000e\000n\000c\000i\000a}{chapter.3}% 250
\BOOKMARK [2][-]{subsection.3.22.1}{\376\377\0003\000.\0002\0002\000.\0001\000\040\000R\000\351\000s\000z\000l\000e\000t\000e\000s\000\040\000l\000e\000\355\000r\000\341\000s}{section.3.22}% 251
\BOOKMARK [2][-]{subsection.3.22.2}{\376\377\0003\000.\0002\0002\000.\0002\000\040\000K\000o\000n\000s\000t\000r\000u\000k\000t\000o\000r\000o\000k\000\040\000\351\000s\000\040\000d\000e\000s\000t\000r\000u\000k\000t\000o\000r\000o\000k\000\040\000d\000o\000k\000u\000m\000e\000n\000t\000\341\000c\000i\000\363\000j\000a}{section.3.22}% 252
\BOOKMARK [3][-]{subsubsection.3.22.2.1}{\376\377\0003\000.\0002\0002\000.\0002\000.\0001\000\040\000T\000i\000m\000e\000\050\000\051}{subsection.3.22.2}% 253
\BOOKMARK [2][-]{subsection.3.22.3}{\376\377\0003\000.\0002\0002\000.\0003\000\040\000T\000a\000g\000f\000\374\000g\000g\000v\000\351\000n\000y\000e\000k\000\040\000d\000o\000k\000u\000m\000e\000n\000t\000\341\000c\000i\000\363\000j\000a}{section.3.22}% 254
\BOOKMARK [3][-]{subsubsection.3.22.3.1}{\376\377\0003\000.\0002\0002\000.\0003\000.\0001\000\040\000c\000o\000m\000p\000a\000r\000e\000T\000o\000\050\000\051}{subsection.3.22.3}% 255
\BOOKMARK [3][-]{subsubsection.3.22.3.2}{\376\377\0003\000.\0002\0002\000.\0003\000.\0002\000\040\000g\000e\000t\000M\000\050\000\051}{subsection.3.22.3}% 256
\BOOKMARK [3][-]{subsubsection.3.22.3.3}{\376\377\0003\000.\0002\0002\000.\0003\000.\0003\000\040\000g\000e\000t\000S\000\050\000\051}{subsection.3.22.3}% 257
\BOOKMARK [3][-]{subsubsection.3.22.3.4}{\376\377\0003\000.\0002\0002\000.\0003\000.\0004\000\040\000i\000n\000c\000r\000e\000a\000s\000e\000\050\000\051}{subsection.3.22.3}% 258
\BOOKMARK [3][-]{subsubsection.3.22.3.5}{\376\377\0003\000.\0002\0002\000.\0003\000.\0005\000\040\000l\000t\000\050\000\051}{subsection.3.22.3}% 259
\BOOKMARK [3][-]{subsubsection.3.22.3.6}{\376\377\0003\000.\0002\0002\000.\0003\000.\0006\000\040\000t\000o\000S\000t\000r\000i\000n\000g\000\050\000\051}{subsection.3.22.3}% 260
\BOOKMARK [1][-]{section.3.23}{\376\377\0003\000.\0002\0003\000\040\000f\000r\000o\000n\000t\000e\000n\000d\000.\000T\000i\000m\000e\000r\000\040\000o\000s\000z\000t\000\341\000l\000y\000r\000e\000f\000e\000r\000e\000n\000c\000i\000a}{chapter.3}% 261
\BOOKMARK [2][-]{subsection.3.23.1}{\376\377\0003\000.\0002\0003\000.\0001\000\040\000R\000\351\000s\000z\000l\000e\000t\000e\000s\000\040\000l\000e\000\355\000r\000\341\000s}{section.3.23}% 262
\BOOKMARK [2][-]{subsection.3.23.2}{\376\377\0003\000.\0002\0003\000.\0002\000\040\000K\000o\000n\000s\000t\000r\000u\000k\000t\000o\000r\000o\000k\000\040\000\351\000s\000\040\000d\000e\000s\000t\000r\000u\000k\000t\000o\000r\000o\000k\000\040\000d\000o\000k\000u\000m\000e\000n\000t\000\341\000c\000i\000\363\000j\000a}{section.3.23}% 263
\BOOKMARK [3][-]{subsubsection.3.23.2.1}{\376\377\0003\000.\0002\0003\000.\0002\000.\0001\000\040\000T\000i\000m\000e\000r\000\050\000\051\000\040\000[\0001\000/\0002\000]}{subsection.3.23.2}% 264
\BOOKMARK [3][-]{subsubsection.3.23.2.2}{\376\377\0003\000.\0002\0003\000.\0002\000.\0002\000\040\000T\000i\000m\000e\000r\000\050\000\051\000\040\000[\0002\000/\0002\000]}{subsection.3.23.2}% 265
\BOOKMARK [2][-]{subsection.3.23.3}{\376\377\0003\000.\0002\0003\000.\0003\000\040\000T\000a\000g\000f\000\374\000g\000g\000v\000\351\000n\000y\000e\000k\000\040\000d\000o\000k\000u\000m\000e\000n\000t\000\341\000c\000i\000\363\000j\000a}{section.3.23}% 266
\BOOKMARK [3][-]{subsubsection.3.23.3.1}{\376\377\0003\000.\0002\0003\000.\0003\000.\0001\000\040\000g\000e\000t\000H\000e\000i\000g\000h\000t\000\050\000\051}{subsection.3.23.3}% 267
\BOOKMARK [3][-]{subsubsection.3.23.3.2}{\376\377\0003\000.\0002\0003\000.\0003\000.\0002\000\040\000g\000e\000t\000T\000i\000m\000e\000\050\000\051}{subsection.3.23.3}% 268
\BOOKMARK [3][-]{subsubsection.3.23.3.3}{\376\377\0003\000.\0002\0003\000.\0003\000.\0003\000\040\000p\000a\000i\000n\000t\000C\000o\000m\000p\000o\000n\000e\000n\000t\000\050\000\051}{subsection.3.23.3}% 269
\BOOKMARK [3][-]{subsubsection.3.23.3.4}{\376\377\0003\000.\0002\0003\000.\0003\000.\0004\000\040\000r\000u\000n\000\050\000\051}{subsection.3.23.3}% 270
\BOOKMARK [3][-]{subsubsection.3.23.3.5}{\376\377\0003\000.\0002\0003\000.\0003\000.\0005\000\040\000r\000u\000n\000n\000i\000n\000g\000\050\000\051}{subsection.3.23.3}% 271
\BOOKMARK [3][-]{subsubsection.3.23.3.6}{\376\377\0003\000.\0002\0003\000.\0003\000.\0006\000\040\000s\000e\000t\000F\000i\000n\000i\000s\000h\000e\000d\000\050\000\051}{subsection.3.23.3}% 272
\BOOKMARK [3][-]{subsubsection.3.23.3.7}{\376\377\0003\000.\0002\0003\000.\0003\000.\0007\000\040\000s\000e\000t\000R\000u\000n\000n\000i\000n\000g\000\050\000\051}{subsection.3.23.3}% 273
\BOOKMARK [3][-]{subsubsection.3.23.3.8}{\376\377\0003\000.\0002\0003\000.\0003\000.\0008\000\040\000s\000t\000a\000r\000t\000\050\000\051}{subsection.3.23.3}% 274
\BOOKMARK [3][-]{subsubsection.3.23.3.9}{\376\377\0003\000.\0002\0003\000.\0003\000.\0009\000\040\000s\000t\000a\000r\000t\000e\000d\000\050\000\051}{subsection.3.23.3}% 275
\BOOKMARK [3][-]{subsubsection.3.23.3.10}{\376\377\0003\000.\0002\0003\000.\0003\000.\0001\0000\000\040\000t\000o\000S\000t\000r\000i\000n\000g\000\050\000\051}{subsection.3.23.3}% 276
\BOOKMARK [1][-]{section.3.24}{\376\377\0003\000.\0002\0004\000\040\000f\000r\000o\000n\000t\000e\000n\000d\000.\000V\000i\000c\000t\000o\000r\000y\000P\000a\000n\000e\000l\000\040\000o\000s\000z\000t\000\341\000l\000y\000r\000e\000f\000e\000r\000e\000n\000c\000i\000a}{chapter.3}% 277
\BOOKMARK [2][-]{subsection.3.24.1}{\376\377\0003\000.\0002\0004\000.\0001\000\040\000R\000\351\000s\000z\000l\000e\000t\000e\000s\000\040\000l\000e\000\355\000r\000\341\000s}{section.3.24}% 278
\BOOKMARK [2][-]{subsection.3.24.2}{\376\377\0003\000.\0002\0004\000.\0002\000\040\000K\000o\000n\000s\000t\000r\000u\000k\000t\000o\000r\000o\000k\000\040\000\351\000s\000\040\000d\000e\000s\000t\000r\000u\000k\000t\000o\000r\000o\000k\000\040\000d\000o\000k\000u\000m\000e\000n\000t\000\341\000c\000i\000\363\000j\000a}{section.3.24}% 279
\BOOKMARK [3][-]{subsubsection.3.24.2.1}{\376\377\0003\000.\0002\0004\000.\0002\000.\0001\000\040\000V\000i\000c\000t\000o\000r\000y\000P\000a\000n\000e\000l\000\050\000\051}{subsection.3.24.2}% 280
\BOOKMARK [2][-]{subsection.3.24.3}{\376\377\0003\000.\0002\0004\000.\0003\000\040\000T\000a\000g\000f\000\374\000g\000g\000v\000\351\000n\000y\000e\000k\000\040\000d\000o\000k\000u\000m\000e\000n\000t\000\341\000c\000i\000\363\000j\000a}{section.3.24}% 281
\BOOKMARK [3][-]{subsubsection.3.24.3.1}{\376\377\0003\000.\0002\0004\000.\0003\000.\0001\000\040\000i\000n\000i\000t\000C\000o\000m\000p\000o\000n\000e\000n\000t\000s\000\050\000\051}{subsection.3.24.3}% 282
\BOOKMARK [3][-]{subsubsection.3.24.3.2}{\376\377\0003\000.\0002\0004\000.\0003\000.\0002\000\040\000s\000e\000t\000A\000c\000t\000i\000o\000n\000L\000i\000s\000t\000e\000n\000e\000r\000s\000\050\000\051}{subsection.3.24.3}% 283
\BOOKMARK [1][-]{section.3.25}{\376\377\0003\000.\0002\0005\000\040\000f\000r\000o\000n\000t\000e\000n\000d\000.\000W\000i\000n\000d\000o\000w\000\040\000o\000s\000z\000t\000\341\000l\000y\000r\000e\000f\000e\000r\000e\000n\000c\000i\000a}{chapter.3}% 284
\BOOKMARK [2][-]{subsection.3.25.1}{\376\377\0003\000.\0002\0005\000.\0001\000\040\000R\000\351\000s\000z\000l\000e\000t\000e\000s\000\040\000l\000e\000\355\000r\000\341\000s}{section.3.25}% 285
\BOOKMARK [2][-]{subsection.3.25.2}{\376\377\0003\000.\0002\0005\000.\0002\000\040\000K\000o\000n\000s\000t\000r\000u\000k\000t\000o\000r\000o\000k\000\040\000\351\000s\000\040\000d\000e\000s\000t\000r\000u\000k\000t\000o\000r\000o\000k\000\040\000d\000o\000k\000u\000m\000e\000n\000t\000\341\000c\000i\000\363\000j\000a}{section.3.25}% 286
\BOOKMARK [3][-]{subsubsection.3.25.2.1}{\376\377\0003\000.\0002\0005\000.\0002\000.\0001\000\040\000W\000i\000n\000d\000o\000w\000\050\000\051}{subsection.3.25.2}% 287
\BOOKMARK [2][-]{subsection.3.25.3}{\376\377\0003\000.\0002\0005\000.\0003\000\040\000T\000a\000g\000f\000\374\000g\000g\000v\000\351\000n\000y\000e\000k\000\040\000d\000o\000k\000u\000m\000e\000n\000t\000\341\000c\000i\000\363\000j\000a}{section.3.25}% 288
\BOOKMARK [3][-]{subsubsection.3.25.3.1}{\376\377\0003\000.\0002\0005\000.\0003\000.\0001\000\040\000i\000n\000i\000t\000C\000o\000m\000p\000o\000n\000e\000n\000t\000s\000\050\000\051}{subsection.3.25.3}% 289
\BOOKMARK [3][-]{subsubsection.3.25.3.2}{\376\377\0003\000.\0002\0005\000.\0003\000.\0002\000\040\000r\000e\000s\000e\000t\000S\000i\000z\000e\000\050\000\051}{subsection.3.25.3}% 290
\BOOKMARK [3][-]{subsubsection.3.25.3.3}{\376\377\0003\000.\0002\0005\000.\0003\000.\0003\000\040\000s\000e\000t\000P\000a\000n\000e\000l\000\050\000\051}{subsection.3.25.3}% 291
\BOOKMARK [0][-]{section*.87}{\376\377\000T\000\341\000r\000g\000y\000m\000u\000t\000a\000t\000\363}{}% 292
